{"E:\\vue-project\\pure-ui-monorepo\\pure-ui\\packages\\pure-ui\\src\\components\\Button\\Button.vue": {"path":"E:\\vue-project\\pure-ui-monorepo\\pure-ui\\packages\\pure-ui\\src\\components\\Button\\Button.vue","statementMap":{"0":{"start":{"line":48,"column":14},"end":{"line":48,"column":null}},"1":{"start":{"line":61,"column":13},"end":{"line":61,"column":null}},"2":{"start":{"line":66,"column":20},"end":{"line":68,"column":null}},"3":{"start":{"line":67,"column":2},"end":{"line":67,"column":null}},"4":{"start":{"line":72,"column":6},"end":{"line":72,"column":null}},"5":{"start":{"line":75,"column":21},"end":{"line":114,"column":null}},"6":{"start":{"line":76,"column":2},"end":{"line":76,"column":null}},"7":{"start":{"line":76,"column":38},"end":{"line":76,"column":null}},"8":{"start":{"line":78,"column":16},"end":{"line":78,"column":null}},"9":{"start":{"line":79,"column":16},"end":{"line":79,"column":null}},"10":{"start":{"line":82,"column":17},"end":{"line":82,"column":null}},"11":{"start":{"line":83,"column":2},"end":{"line":83,"column":null}},"12":{"start":{"line":83,"column":14},"end":{"line":83,"column":null}},"13":{"start":{"line":84,"column":15},"end":{"line":84,"column":null}},"14":{"start":{"line":85,"column":14},"end":{"line":85,"column":null}},"15":{"start":{"line":86,"column":15},"end":{"line":86,"column":null}},"16":{"start":{"line":87,"column":16},"end":{"line":87,"column":null}},"17":{"start":{"line":88,"column":18},"end":{"line":88,"column":null}},"18":{"start":{"line":89,"column":18},"end":{"line":89,"column":null}},"19":{"start":{"line":91,"column":18},"end":{"line":96,"column":null}},"20":{"start":{"line":98,"column":19},"end":{"line":98,"column":null}},"21":{"start":{"line":99,"column":2},"end":{"line":99,"column":null}},"22":{"start":{"line":99,"column":16},"end":{"line":99,"column":null}},"23":{"start":{"line":100,"column":2},"end":{"line":100,"column":null}},"24":{"start":{"line":103,"column":29},"end":{"line":106,"column":null}},"25":{"start":{"line":104,"column":4},"end":{"line":104,"column":null}},"26":{"start":{"line":105,"column":4},"end":{"line":105,"column":null}},"27":{"start":{"line":108,"column":2},"end":{"line":108,"column":null}},"28":{"start":{"line":110,"column":2},"end":{"line":113,"column":null}},"29":{"start":{"line":111,"column":4},"end":{"line":111,"column":null}},"30":{"start":{"line":112,"column":4},"end":{"line":112,"column":null}},"31":{"start":{"line":117,"column":18},"end":{"line":117,"column":null}},"32":{"start":{"line":119,"column":2},"end":{"line":123,"column":null}},"33":{"start":{"line":126,"column":2},"end":{"line":126,"column":null}},"34":{"start":{"line":127,"column":2},"end":{"line":127,"column":null}},"35":{"start":{"line":2,"column":2},"end":{"line":32,"column":52}}},"fnMap":{"0":{"name":"(anonymous_0)","decl":{"start":{"line":66,"column":20},"end":{"line":66,"column":21}},"loc":{"start":{"line":66,"column":39},"end":{"line":68,"column":null}},"line":66},"1":{"name":"(anonymous_1)","decl":{"start":{"line":75,"column":21},"end":{"line":75,"column":22}},"loc":{"start":{"line":75,"column":40},"end":{"line":114,"column":null}},"line":75},"2":{"name":"(anonymous_2)","decl":{"start":{"line":103,"column":29},"end":{"line":103,"column":35}},"loc":{"start":{"line":103,"column":35},"end":{"line":106,"column":null}},"line":103},"3":{"name":"(anonymous_3)","decl":{"start":{"line":110,"column":12},"end":{"line":110,"column":18}},"loc":{"start":{"line":110,"column":18},"end":{"line":113,"column":4}},"line":110},"4":{"name":"makeRipple","decl":{"start":{"line":116,"column":9},"end":{"line":116,"column":20}},"loc":{"start":{"line":116,"column":112},"end":{"line":128,"column":null}},"line":116}},"branchMap":{"0":{"loc":{"start":{"line":76,"column":2},"end":{"line":76,"column":null}},"type":"if","locations":[{"start":{"line":76,"column":2},"end":{"line":76,"column":null}},{"start":{},"end":{}}],"line":76},"1":{"loc":{"start":{"line":76,"column":5},"end":{"line":76,"column":38}},"type":"binary-expr","locations":[{"start":{"line":76,"column":5},"end":{"line":76,"column":23}},{"start":{"line":76,"column":23},"end":{"line":76,"column":38}}],"line":76},"2":{"loc":{"start":{"line":83,"column":2},"end":{"line":83,"column":null}},"type":"if","locations":[{"start":{"line":83,"column":2},"end":{"line":83,"column":null}},{"start":{},"end":{}}],"line":83},"3":{"loc":{"start":{"line":99,"column":2},"end":{"line":99,"column":null}},"type":"if","locations":[{"start":{"line":99,"column":2},"end":{"line":99,"column":null}},{"start":{},"end":{}}],"line":99},"4":{"loc":{"start":{"line":11,"column":15},"end":{"line":11,"column":null}},"type":"binary-expr","locations":[{"start":{"line":11,"column":15},"end":{"line":11,"column":27}},{"start":{"line":11,"column":27},"end":{"line":11,"column":null}}],"line":11},"5":{"loc":{"start":{"line":15,"column":16},"end":{"line":28,"column":116}},"type":"cond-expr","locations":[{"start":{"line":15,"column":16},"end":{"line":28,"column":116}}],"line":15},"6":{"loc":{"start":{"line":30,"column":11},"end":{"line":28,"column":116}},"type":"binary-expr","locations":[{"start":{"line":30,"column":11},"end":{"line":30,"column":null}},{"start":{"line":30,"column":11},"end":{"line":28,"column":116}}],"line":30},"7":{"loc":{"start":{"line":31,"column":4},"end":{"line":31,"column":31}},"type":"binary-expr","locations":[{"start":{"line":31,"column":4},"end":{"line":31,"column":9}},{"start":{"line":31,"column":4},"end":{"line":31,"column":31}}],"line":31},"8":{"loc":{"start":{"line":32,"column":16},"end":{"line":32,"column":52}},"type":"cond-expr","locations":[{"start":{"line":32,"column":23},"end":{"line":32,"column":52}},{"start":{"line":32,"column":45},"end":{"line":32,"column":52}}],"line":32}},"s":{"0":16,"1":16,"2":16,"3":1,"4":16,"5":16,"6":2,"7":0,"8":2,"9":2,"10":2,"11":2,"12":0,"13":2,"14":2,"15":2,"16":2,"17":2,"18":2,"19":2,"20":2,"21":2,"22":0,"23":2,"24":2,"25":1,"26":1,"27":2,"28":2,"29":2,"30":2,"31":2,"32":2,"33":2,"34":2,"35":16},"f":{"0":1,"1":2,"2":1,"3":2,"4":2},"b":{"0":[0,2],"1":[2,2],"2":[0,2],"3":[0,2],"4":[16,13],"5":[3,null],"6":[3,3],"7":[16,16],"8":[2,14]},"meta":{"lastBranch":0,"lastFunction":0,"lastStatement":0,"seen":{}}}
,"E:\\vue-project\\pure-ui-monorepo\\pure-ui\\packages\\pure-ui\\src\\components\\Card\\Card.vue": {"path":"E:\\vue-project\\pure-ui-monorepo\\pure-ui\\packages\\pure-ui\\src\\components\\Card\\Card.vue","statementMap":{"0":{"start":{"line":17,"column":9},"end":{"line":17,"column":null}},"1":{"start":{"line":2,"column":2},"end":{"line":24,"column":null}}},"fnMap":{},"branchMap":{"0":{"loc":{"start":{"line":11,"column":15},"end":{"line":12,"column":null}},"type":"cond-expr","locations":[{"start":{"line":11,"column":40},"end":{"line":12,"column":null}},{"start":{"line":12,"column":33},"end":{"line":12,"column":null}}],"line":11},"1":{"loc":{"start":{"line":11,"column":15},"end":{"line":11,"column":48}},"type":"binary-expr","locations":[{"start":{"line":11,"column":15},"end":{"line":11,"column":33}},{"start":{"line":11,"column":33},"end":{"line":11,"column":48}}],"line":11},"2":{"loc":{"start":{"line":14,"column":15},"end":{"line":15,"column":null}},"type":"cond-expr","locations":[{"start":{"line":14,"column":40},"end":{"line":15,"column":null}},{"start":{"line":15,"column":31},"end":{"line":15,"column":null}}],"line":14},"3":{"loc":{"start":{"line":14,"column":15},"end":{"line":14,"column":46}},"type":"binary-expr","locations":[{"start":{"line":14,"column":15},"end":{"line":14,"column":33}},{"start":{"line":14,"column":33},"end":{"line":14,"column":46}}],"line":14},"4":{"loc":{"start":{"line":20,"column":15},"end":{"line":21,"column":null}},"type":"cond-expr","locations":[{"start":{"line":20,"column":40},"end":{"line":21,"column":null}},{"start":{"line":21,"column":33},"end":{"line":21,"column":null}}],"line":20},"5":{"loc":{"start":{"line":20,"column":15},"end":{"line":20,"column":48}},"type":"binary-expr","locations":[{"start":{"line":20,"column":15},"end":{"line":20,"column":33}},{"start":{"line":20,"column":33},"end":{"line":20,"column":48}}],"line":20},"6":{"loc":{"start":{"line":23,"column":15},"end":{"line":24,"column":null}},"type":"cond-expr","locations":[{"start":{"line":23,"column":40},"end":{"line":24,"column":null}},{"start":{"line":24,"column":32},"end":{"line":24,"column":null}}],"line":23},"7":{"loc":{"start":{"line":23,"column":15},"end":{"line":23,"column":47}},"type":"binary-expr","locations":[{"start":{"line":23,"column":15},"end":{"line":23,"column":33}},{"start":{"line":23,"column":33},"end":{"line":23,"column":47}}],"line":23}},"s":{"0":1,"1":17},"f":{},"b":{"0":[2,15],"1":[17,12],"2":[2,15],"3":[17,5],"4":[2,15],"5":[17,12],"6":[2,15],"7":[17,5]},"meta":{"lastBranch":0,"lastFunction":0,"lastStatement":0,"seen":{}}}
,"E:\\vue-project\\pure-ui-monorepo\\pure-ui\\packages\\pure-ui\\src\\components\\Message\\Message.vue": {"path":"E:\\vue-project\\pure-ui-monorepo\\pure-ui\\packages\\pure-ui\\src\\components\\Message\\Message.vue","statementMap":{"0":{"start":{"line":22,"column":13},"end":{"line":22,"column":null}},"1":{"start":{"line":33,"column":14},"end":{"line":33,"column":null}},"2":{"start":{"line":40,"column":6},"end":{"line":40,"column":null}},"3":{"start":{"line":41,"column":27},"end":{"line":41,"column":null}},"4":{"start":{"line":44,"column":2},"end":{"line":48,"column":null}},"5":{"start":{"line":45,"column":4},"end":{"line":47,"column":null}},"6":{"start":{"line":46,"column":6},"end":{"line":46,"column":null}},"7":{"start":{"line":52,"column":2},"end":{"line":55,"column":null}},"8":{"start":{"line":53,"column":4},"end":{"line":53,"column":null}},"9":{"start":{"line":54,"column":4},"end":{"line":54,"column":null}},"10":{"start":{"line":59,"column":2},"end":{"line":59,"column":null}},"11":{"start":{"line":60,"column":2},"end":{"line":60,"column":null}},"12":{"start":{"line":61,"column":2},"end":{"line":63,"column":null}},"13":{"start":{"line":62,"column":4},"end":{"line":62,"column":null}},"14":{"start":{"line":64,"column":2},"end":{"line":64,"column":null}},"15":{"start":{"line":69,"column":2},"end":{"line":69,"column":null}},"16":{"start":{"line":73,"column":2},"end":{"line":73,"column":null}},"17":{"start":{"line":76,"column":0},"end":{"line":81,"column":null}},"18":{"start":{"line":77,"column":8},"end":{"line":77,"column":null}},"19":{"start":{"line":79,"column":4},"end":{"line":79,"column":null}},"20":{"start":{"line":83,"column":0},"end":{"line":85,"column":null}},"21":{"start":{"line":84,"column":2},"end":{"line":84,"column":null}},"22":{"start":{"line":10,"column":11},"end":{"line":10,"column":null}},"23":{"start":{"line":12,"column":13},"end":{"line":12,"column":43}},"24":{"start":{"line":2,"column":2},"end":{"line":13,"column":86}},"25":{"start":{"line":15,"column":10},"end":{"line":13,"column":86}}},"fnMap":{"0":{"name":"startTimer","decl":{"start":{"line":43,"column":9},"end":{"line":43,"column":22}},"loc":{"start":{"line":43,"column":22},"end":{"line":49,"column":null}},"line":43},"1":{"name":"(anonymous_1)","decl":{"start":{"line":45,"column":30},"end":{"line":45,"column":36}},"loc":{"start":{"line":45,"column":36},"end":{"line":47,"column":7}},"line":45},"2":{"name":"clearTimer","decl":{"start":{"line":51,"column":9},"end":{"line":51,"column":22}},"loc":{"start":{"line":51,"column":22},"end":{"line":56,"column":null}},"line":51},"3":{"name":"handleClose","decl":{"start":{"line":58,"column":9},"end":{"line":58,"column":23}},"loc":{"start":{"line":58,"column":23},"end":{"line":65,"column":null}},"line":58},"4":{"name":"handleMouseEnter","decl":{"start":{"line":68,"column":9},"end":{"line":68,"column":28}},"loc":{"start":{"line":68,"column":28},"end":{"line":70,"column":null}},"line":68},"5":{"name":"handleMouseLeave","decl":{"start":{"line":72,"column":9},"end":{"line":72,"column":28}},"loc":{"start":{"line":72,"column":28},"end":{"line":74,"column":null}},"line":72},"6":{"name":"(anonymous_6)","decl":{"start":{"line":77,"column":2},"end":{"line":77,"column":8}},"loc":{"start":{"line":77,"column":8},"end":{"line":77,"column":null}},"line":77},"7":{"name":"(anonymous_7)","decl":{"start":{"line":78,"column":2},"end":{"line":78,"column":12}},"loc":{"start":{"line":78,"column":12},"end":{"line":80,"column":null}},"line":78},"8":{"name":"(anonymous_8)","decl":{"start":{"line":83,"column":10},"end":{"line":83,"column":16}},"loc":{"start":{"line":83,"column":16},"end":{"line":85,"column":1}},"line":83},"9":{"name":"(anonymous_9)","decl":{"start":{"line":3,"column":4},"end":{"line":3,"column":null}},"loc":{"start":{"line":15,"column":10},"end":{"line":13,"column":86}},"line":15}},"branchMap":{"0":{"loc":{"start":{"line":44,"column":2},"end":{"line":48,"column":null}},"type":"if","locations":[{"start":{"line":44,"column":2},"end":{"line":48,"column":null}},{"start":{},"end":{}}],"line":44},"1":{"loc":{"start":{"line":52,"column":2},"end":{"line":55,"column":null}},"type":"if","locations":[{"start":{"line":52,"column":2},"end":{"line":55,"column":null}},{"start":{},"end":{}}],"line":52},"2":{"loc":{"start":{"line":61,"column":2},"end":{"line":63,"column":null}},"type":"if","locations":[{"start":{"line":61,"column":2},"end":{"line":63,"column":null}},{"start":{},"end":{}}],"line":61},"3":{"loc":{"start":{"line":4,"column":12},"end":{"line":13,"column":86}},"type":"cond-expr","locations":[{"start":{"line":4,"column":12},"end":{"line":13,"column":86}}],"line":4},"4":{"loc":{"start":{"line":14,"column":12},"end":{"line":11,"column":48}},"type":"binary-expr","locations":[{"start":{"line":14,"column":12},"end":{"line":14,"column":null}},{"start":{"line":14,"column":12},"end":{"line":11,"column":48}}],"line":14},"5":{"loc":{"start":{"line":13,"column":19},"end":{"line":13,"column":86}},"type":"cond-expr","locations":[{"start":{"line":13,"column":19},"end":{"line":13,"column":86}},{"start":{"line":13,"column":80},"end":{"line":13,"column":86}}],"line":13}},"s":{"0":31,"1":31,"2":31,"3":31,"4":32,"5":23,"6":5,"7":8,"8":7,"9":7,"10":6,"11":6,"12":6,"13":2,"14":6,"15":2,"16":1,"17":31,"18":32,"19":1,"20":31,"21":31,"22":2,"23":2,"24":33,"25":37},"f":{"0":32,"1":5,"2":8,"3":6,"4":2,"5":1,"6":32,"7":1,"8":31,"9":37},"b":{"0":[23,9],"1":[7,1],"2":[2,4],"3":[32,null],"4":[32,31],"5":[3,29]},"meta":{"lastBranch":0,"lastFunction":0,"lastStatement":0,"seen":{}}}
,"E:\\vue-project\\pure-ui-monorepo\\pure-ui\\packages\\pure-ui\\src\\components\\Message\\message.ts": {"path":"E:\\vue-project\\pure-ui-monorepo\\pure-ui\\packages\\pure-ui\\src\\components\\Message\\message.ts","statementMap":{"0":{"start":{"line":16,"column":44},"end":{"line":16,"column":null}},"1":{"start":{"line":19,"column":71},"end":{"line":19,"column":null}},"2":{"start":{"line":21,"column":20},"end":{"line":21,"column":null}},"3":{"start":{"line":22,"column":2},"end":{"line":22,"column":null}},"4":{"start":{"line":25,"column":2},"end":{"line":30,"column":null}},"5":{"start":{"line":26,"column":4},"end":{"line":26,"column":null}},"6":{"start":{"line":28,"column":14},"end":{"line":28,"column":null}},"7":{"start":{"line":29,"column":4},"end":{"line":29,"column":null}},"8":{"start":{"line":32,"column":8},"end":{"line":50,"column":null}},"9":{"start":{"line":39,"column":20},"end":{"line":39,"column":null}},"10":{"start":{"line":39,"column":52},"end":{"line":39,"column":77}},"11":{"start":{"line":40,"column":6},"end":{"line":42,"column":null}},"12":{"start":{"line":41,"column":8},"end":{"line":41,"column":null}},"13":{"start":{"line":43,"column":6},"end":{"line":48,"column":null}},"14":{"start":{"line":44,"column":8},"end":{"line":44,"column":null}},"15":{"start":{"line":45,"column":8},"end":{"line":47,"column":null}},"16":{"start":{"line":46,"column":10},"end":{"line":46,"column":null}},"17":{"start":{"line":52,"column":19},"end":{"line":52,"column":null}},"18":{"start":{"line":53,"column":2},"end":{"line":53,"column":null}},"19":{"start":{"line":55,"column":2},"end":{"line":55,"column":null}},"20":{"start":{"line":60,"column":4},"end":{"line":60,"column":null}},"21":{"start":{"line":63,"column":4},"end":{"line":67,"column":null}},"22":{"start":{"line":64,"column":6},"end":{"line":66,"column":null}},"23":{"start":{"line":65,"column":8},"end":{"line":65,"column":null}},"24":{"start":{"line":68,"column":4},"end":{"line":68,"column":null}},"25":{"start":{"line":71,"column":4},"end":{"line":71,"column":null}}},"fnMap":{"0":{"name":"createMessage","decl":{"start":{"line":18,"column":9},"end":{"line":18,"column":23}},"loc":{"start":{"line":18,"column":48},"end":{"line":56,"column":null}},"line":18},"1":{"name":"(anonymous_1)","decl":{"start":{"line":38,"column":13},"end":{"line":38,"column":19}},"loc":{"start":{"line":38,"column":19},"end":{"line":49,"column":null}},"line":38},"2":{"name":"(anonymous_2)","decl":{"start":{"line":39,"column":47},"end":{"line":39,"column":52}},"loc":{"start":{"line":39,"column":52},"end":{"line":39,"column":77}},"line":39},"3":{"name":"(anonymous_3)","decl":{"start":{"line":43,"column":17},"end":{"line":43,"column":23}},"loc":{"start":{"line":43,"column":23},"end":{"line":48,"column":9}},"line":43},"4":{"name":"(anonymous_4)","decl":{"start":{"line":59,"column":2},"end":{"line":59,"column":10}},"loc":{"start":{"line":59,"column":70},"end":{"line":61,"column":null}},"line":59},"5":{"name":"(anonymous_5)","decl":{"start":{"line":62,"column":2},"end":{"line":62,"column":13}},"loc":{"start":{"line":62,"column":13},"end":{"line":69,"column":null}},"line":62},"6":{"name":"(anonymous_6)","decl":{"start":{"line":63,"column":29},"end":{"line":63,"column":30}},"loc":{"start":{"line":63,"column":43},"end":{"line":67,"column":5}},"line":63},"7":{"name":"(anonymous_7)","decl":{"start":{"line":70,"column":2},"end":{"line":70,"column":19}},"loc":{"start":{"line":70,"column":19},"end":{"line":72,"column":null}},"line":70}},"branchMap":{"0":{"loc":{"start":{"line":19,"column":19},"end":{"line":19,"column":36}},"type":"default-arg","locations":[{"start":{"line":19,"column":30},"end":{"line":19,"column":36}}],"line":19},"1":{"loc":{"start":{"line":19,"column":36},"end":{"line":19,"column":49}},"type":"default-arg","locations":[{"start":{"line":19,"column":45},"end":{"line":19,"column":49}}],"line":19},"2":{"loc":{"start":{"line":19,"column":49},"end":{"line":19,"column":67}},"type":"default-arg","locations":[{"start":{"line":19,"column":61},"end":{"line":19,"column":67}}],"line":19},"3":{"loc":{"start":{"line":25,"column":2},"end":{"line":30,"column":null}},"type":"if","locations":[{"start":{"line":25,"column":2},"end":{"line":30,"column":null}},{"start":{"line":27,"column":9},"end":{"line":30,"column":null}}],"line":25},"4":{"loc":{"start":{"line":40,"column":6},"end":{"line":42,"column":null}},"type":"if","locations":[{"start":{"line":40,"column":6},"end":{"line":42,"column":null}},{"start":{},"end":{}}],"line":40},"5":{"loc":{"start":{"line":45,"column":8},"end":{"line":47,"column":null}},"type":"if","locations":[{"start":{"line":45,"column":8},"end":{"line":47,"column":null}},{"start":{},"end":{}}],"line":45},"6":{"loc":{"start":{"line":64,"column":6},"end":{"line":66,"column":null}},"type":"if","locations":[{"start":{"line":64,"column":6},"end":{"line":66,"column":null}},{"start":{},"end":{}}],"line":64}},"s":{"0":1,"1":18,"2":18,"3":18,"4":18,"5":10,"6":8,"7":8,"8":18,"9":4,"10":2,"11":4,"12":2,"13":4,"14":4,"15":4,"16":2,"17":18,"18":18,"19":18,"20":18,"21":1,"22":3,"23":3,"24":1,"25":10},"f":{"0":18,"1":4,"2":2,"3":4,"4":18,"5":1,"6":3,"7":10},"b":{"0":[18],"1":[18],"2":[18],"3":[10,8],"4":[2,2],"5":[2,2],"6":[3,0]},"meta":{"lastBranch":7,"lastFunction":8,"lastStatement":26,"seen":{"s:16:44:16:Infinity":0,"f:18:9:18:23":0,"s:19:71:19:Infinity":1,"b:19:30:19:36":0,"b:19:45:19:49":1,"b:19:61:19:67":2,"s:21:20:21:Infinity":2,"s:22:2:22:Infinity":3,"b:25:2:30:Infinity:27:9:30:Infinity":3,"s:25:2:30:Infinity":4,"s:26:4:26:Infinity":5,"s:28:14:28:Infinity":6,"s:29:4:29:Infinity":7,"s:32:8:50:Infinity":8,"f:38:13:38:19":1,"s:39:20:39:Infinity":9,"f:39:47:39:52":2,"s:39:52:39:77":10,"b:40:6:42:Infinity:undefined:undefined:undefined:undefined":4,"s:40:6:42:Infinity":11,"s:41:8:41:Infinity":12,"s:43:6:48:Infinity":13,"f:43:17:43:23":3,"s:44:8:44:Infinity":14,"b:45:8:47:Infinity:undefined:undefined:undefined:undefined":5,"s:45:8:47:Infinity":15,"s:46:10:46:Infinity":16,"s:52:19:52:Infinity":17,"s:53:2:53:Infinity":18,"s:55:2:55:Infinity":19,"f:59:2:59:10":4,"s:60:4:60:Infinity":20,"f:62:2:62:13":5,"s:63:4:67:Infinity":21,"f:63:29:63:30":6,"b:64:6:66:Infinity:undefined:undefined:undefined:undefined":6,"s:64:6:66:Infinity":22,"s:65:8:65:Infinity":23,"s:68:4:68:Infinity":24,"f:70:2:70:19":7,"s:71:4:71:Infinity":25}}}
}
