{"E:\\vue-project\\pure-ui-monorepo\\pure-ui\\packages\\pure-ui\\src\\components\\Button\\Button.vue": {"path":"E:\\vue-project\\pure-ui-monorepo\\pure-ui\\packages\\pure-ui\\src\\components\\Button\\Button.vue","statementMap":{"0":{"start":{"line":45,"column":13},"end":{"line":45,"column":null}},"1":{"start":{"line":50,"column":20},"end":{"line":52,"column":null}},"2":{"start":{"line":51,"column":2},"end":{"line":51,"column":null}},"3":{"start":{"line":2,"column":2},"end":{"line":20,"column":null}}},"fnMap":{"0":{"name":"(anonymous_0)","decl":{"start":{"line":50,"column":20},"end":{"line":50,"column":21}},"loc":{"start":{"line":50,"column":43},"end":{"line":52,"column":null}},"line":50}},"branchMap":{"0":{"loc":{"start":{"line":11,"column":15},"end":{"line":11,"column":null}},"type":"binary-expr","locations":[{"start":{"line":11,"column":15},"end":{"line":11,"column":27}},{"start":{"line":11,"column":27},"end":{"line":11,"column":null}}],"line":11},"1":{"loc":{"start":{"line":14,"column":16},"end":{"line":17,"column":116}},"type":"cond-expr","locations":[{"start":{"line":14,"column":16},"end":{"line":17,"column":116}}],"line":14},"2":{"loc":{"start":{"line":19,"column":11},"end":{"line":17,"column":116}},"type":"binary-expr","locations":[{"start":{"line":19,"column":11},"end":{"line":19,"column":null}},{"start":{"line":19,"column":11},"end":{"line":17,"column":116}}],"line":19}},"s":{"0":17,"1":17,"2":1,"3":17},"f":{"0":1},"b":{"0":[17,15],"1":[2,null],"2":[2,2]},"meta":{"lastBranch":0,"lastFunction":0,"lastStatement":0,"seen":{}}}
,"E:\\vue-project\\pure-ui-monorepo\\pure-ui\\packages\\pure-ui\\src\\components\\Card\\Card.vue": {"path":"E:\\vue-project\\pure-ui-monorepo\\pure-ui\\packages\\pure-ui\\src\\components\\Card\\Card.vue","statementMap":{"0":{"start":{"line":17,"column":9},"end":{"line":17,"column":null}},"1":{"start":{"line":2,"column":2},"end":{"line":24,"column":null}}},"fnMap":{},"branchMap":{"0":{"loc":{"start":{"line":11,"column":15},"end":{"line":12,"column":null}},"type":"cond-expr","locations":[{"start":{"line":11,"column":40},"end":{"line":12,"column":null}},{"start":{"line":12,"column":33},"end":{"line":12,"column":null}}],"line":11},"1":{"loc":{"start":{"line":11,"column":15},"end":{"line":11,"column":48}},"type":"binary-expr","locations":[{"start":{"line":11,"column":15},"end":{"line":11,"column":33}},{"start":{"line":11,"column":33},"end":{"line":11,"column":48}}],"line":11},"2":{"loc":{"start":{"line":14,"column":15},"end":{"line":15,"column":null}},"type":"cond-expr","locations":[{"start":{"line":14,"column":40},"end":{"line":15,"column":null}},{"start":{"line":15,"column":31},"end":{"line":15,"column":null}}],"line":14},"3":{"loc":{"start":{"line":14,"column":15},"end":{"line":14,"column":46}},"type":"binary-expr","locations":[{"start":{"line":14,"column":15},"end":{"line":14,"column":33}},{"start":{"line":14,"column":33},"end":{"line":14,"column":46}}],"line":14},"4":{"loc":{"start":{"line":20,"column":15},"end":{"line":21,"column":null}},"type":"cond-expr","locations":[{"start":{"line":20,"column":40},"end":{"line":21,"column":null}},{"start":{"line":21,"column":33},"end":{"line":21,"column":null}}],"line":20},"5":{"loc":{"start":{"line":20,"column":15},"end":{"line":20,"column":48}},"type":"binary-expr","locations":[{"start":{"line":20,"column":15},"end":{"line":20,"column":33}},{"start":{"line":20,"column":33},"end":{"line":20,"column":48}}],"line":20},"6":{"loc":{"start":{"line":23,"column":15},"end":{"line":24,"column":null}},"type":"cond-expr","locations":[{"start":{"line":23,"column":40},"end":{"line":24,"column":null}},{"start":{"line":24,"column":32},"end":{"line":24,"column":null}}],"line":23},"7":{"loc":{"start":{"line":23,"column":15},"end":{"line":23,"column":47}},"type":"binary-expr","locations":[{"start":{"line":23,"column":15},"end":{"line":23,"column":33}},{"start":{"line":23,"column":33},"end":{"line":23,"column":47}}],"line":23}},"s":{"0":1,"1":17},"f":{},"b":{"0":[2,15],"1":[17,12],"2":[2,15],"3":[17,5],"4":[2,15],"5":[17,12],"6":[2,15],"7":[17,5]},"meta":{"lastBranch":0,"lastFunction":0,"lastStatement":0,"seen":{}}}
,"E:\\vue-project\\pure-ui-monorepo\\pure-ui\\packages\\pure-ui\\src\\components\\Message\\Message.vue": {"path":"E:\\vue-project\\pure-ui-monorepo\\pure-ui\\packages\\pure-ui\\src\\components\\Message\\Message.vue","statementMap":{"0":{"start":{"line":38,"column":13},"end":{"line":38,"column":null}},"1":{"start":{"line":50,"column":14},"end":{"line":50,"column":null}},"2":{"start":{"line":58,"column":6},"end":{"line":58,"column":null}},"3":{"start":{"line":59,"column":27},"end":{"line":59,"column":null}},"4":{"start":{"line":62,"column":2},"end":{"line":66,"column":null}},"5":{"start":{"line":63,"column":4},"end":{"line":65,"column":null}},"6":{"start":{"line":64,"column":6},"end":{"line":64,"column":null}},"7":{"start":{"line":70,"column":2},"end":{"line":73,"column":null}},"8":{"start":{"line":71,"column":4},"end":{"line":71,"column":null}},"9":{"start":{"line":72,"column":4},"end":{"line":72,"column":null}},"10":{"start":{"line":77,"column":2},"end":{"line":77,"column":null}},"11":{"start":{"line":78,"column":2},"end":{"line":78,"column":null}},"12":{"start":{"line":79,"column":2},"end":{"line":81,"column":null}},"13":{"start":{"line":80,"column":4},"end":{"line":80,"column":null}},"14":{"start":{"line":82,"column":2},"end":{"line":82,"column":null}},"15":{"start":{"line":86,"column":2},"end":{"line":86,"column":null}},"16":{"start":{"line":90,"column":2},"end":{"line":90,"column":null}},"17":{"start":{"line":94,"column":2},"end":{"line":94,"column":null}},"18":{"start":{"line":97,"column":0},"end":{"line":99,"column":null}},"19":{"start":{"line":97,"column":12},"end":{"line":97,"column":27}},"20":{"start":{"line":98,"column":2},"end":{"line":98,"column":null}},"21":{"start":{"line":101,"column":0},"end":{"line":103,"column":null}},"22":{"start":{"line":102,"column":2},"end":{"line":102,"column":null}},"23":{"start":{"line":17,"column":11},"end":{"line":17,"column":null}},"24":{"start":{"line":18,"column":13},"end":{"line":18,"column":null}},"25":{"start":{"line":26,"column":13},"end":{"line":26,"column":43}},"26":{"start":{"line":2,"column":2},"end":{"line":29,"column":14}},"27":{"start":{"line":31,"column":10},"end":{"line":29,"column":14}}},"fnMap":{"0":{"name":"startTimer","decl":{"start":{"line":61,"column":9},"end":{"line":61,"column":22}},"loc":{"start":{"line":61,"column":22},"end":{"line":67,"column":null}},"line":61},"1":{"name":"(anonymous_1)","decl":{"start":{"line":63,"column":30},"end":{"line":63,"column":36}},"loc":{"start":{"line":63,"column":36},"end":{"line":65,"column":7}},"line":63},"2":{"name":"clearTimer","decl":{"start":{"line":69,"column":9},"end":{"line":69,"column":22}},"loc":{"start":{"line":69,"column":22},"end":{"line":74,"column":null}},"line":69},"3":{"name":"handleClose","decl":{"start":{"line":76,"column":9},"end":{"line":76,"column":23}},"loc":{"start":{"line":76,"column":23},"end":{"line":83,"column":null}},"line":76},"4":{"name":"handleAfterLeave","decl":{"start":{"line":85,"column":9},"end":{"line":85,"column":28}},"loc":{"start":{"line":85,"column":28},"end":{"line":87,"column":null}},"line":85},"5":{"name":"handleMouseEnter","decl":{"start":{"line":89,"column":9},"end":{"line":89,"column":28}},"loc":{"start":{"line":89,"column":28},"end":{"line":91,"column":null}},"line":89},"6":{"name":"handleMouseLeave","decl":{"start":{"line":93,"column":9},"end":{"line":93,"column":28}},"loc":{"start":{"line":93,"column":28},"end":{"line":95,"column":null}},"line":93},"7":{"name":"(anonymous_7)","decl":{"start":{"line":97,"column":6},"end":{"line":97,"column":12}},"loc":{"start":{"line":97,"column":12},"end":{"line":97,"column":27}},"line":97},"8":{"name":"(anonymous_8)","decl":{"start":{"line":97,"column":27},"end":{"line":97,"column":28}},"loc":{"start":{"line":97,"column":39},"end":{"line":99,"column":1}},"line":97},"9":{"name":"(anonymous_9)","decl":{"start":{"line":101,"column":10},"end":{"line":101,"column":16}},"loc":{"start":{"line":101,"column":16},"end":{"line":103,"column":1}},"line":101},"10":{"name":"(anonymous_10)","decl":{"start":{"line":7,"column":4},"end":{"line":7,"column":null}},"loc":{"start":{"line":31,"column":10},"end":{"line":29,"column":14}},"line":31}},"branchMap":{"0":{"loc":{"start":{"line":62,"column":2},"end":{"line":66,"column":null}},"type":"if","locations":[{"start":{"line":62,"column":2},"end":{"line":66,"column":null}},{"start":{},"end":{}}],"line":62},"1":{"loc":{"start":{"line":70,"column":2},"end":{"line":73,"column":null}},"type":"if","locations":[{"start":{"line":70,"column":2},"end":{"line":73,"column":null}},{"start":{},"end":{}}],"line":70},"2":{"loc":{"start":{"line":79,"column":2},"end":{"line":81,"column":null}},"type":"if","locations":[{"start":{"line":79,"column":2},"end":{"line":81,"column":null}},{"start":{},"end":{}}],"line":79},"3":{"loc":{"start":{"line":8,"column":12},"end":{"line":29,"column":14}},"type":"cond-expr","locations":[{"start":{"line":8,"column":12},"end":{"line":29,"column":14}}],"line":8},"4":{"loc":{"start":{"line":19,"column":22},"end":{"line":24,"column":32}},"type":"cond-expr","locations":[{"start":{"line":19,"column":26},"end":{"line":19,"column":51}},{"start":{"line":20,"column":27},"end":{"line":24,"column":32}}],"line":19},"5":{"loc":{"start":{"line":20,"column":27},"end":{"line":24,"column":32}},"type":"cond-expr","locations":[{"start":{"line":20,"column":31},"end":{"line":20,"column":56}},{"start":{"line":21,"column":27},"end":{"line":24,"column":32}}],"line":20},"6":{"loc":{"start":{"line":21,"column":27},"end":{"line":24,"column":32}},"type":"cond-expr","locations":[{"start":{"line":21,"column":31},"end":{"line":21,"column":55}},{"start":{"line":22,"column":27},"end":{"line":24,"column":32}}],"line":21},"7":{"loc":{"start":{"line":22,"column":27},"end":{"line":24,"column":32}},"type":"cond-expr","locations":[{"start":{"line":22,"column":31},"end":{"line":22,"column":53}},{"start":{"line":23,"column":27},"end":{"line":24,"column":32}}],"line":22},"8":{"loc":{"start":{"line":23,"column":27},"end":{"line":24,"column":32}},"type":"cond-expr","locations":[{"start":{"line":23,"column":31},"end":{"line":23,"column":56}},{"start":{"line":23,"column":49},"end":{"line":24,"column":32}}],"line":23},"9":{"loc":{"start":{"line":27,"column":19},"end":{"line":29,"column":14}},"type":"cond-expr","locations":[{"start":{"line":27,"column":19},"end":{"line":29,"column":14}},{"start":{"line":29,"column":8},"end":{"line":29,"column":14}}],"line":27}},"s":{"0":38,"1":38,"2":38,"3":38,"4":39,"5":21,"6":5,"7":8,"8":7,"9":7,"10":6,"11":6,"12":6,"13":2,"14":6,"15":0,"16":2,"17":1,"18":38,"19":39,"20":1,"21":38,"22":38,"23":2,"24":2,"25":2,"26":40,"27":44},"f":{"0":39,"1":5,"2":8,"3":6,"4":0,"5":2,"6":1,"7":39,"8":1,"9":38,"10":44},"b":{"0":[21,18],"1":[7,1],"2":[2,4],"3":[39,null],"4":[15,24],"5":[3,21],"6":[11,10],"7":[3,7],"8":[3,4],"9":[3,36]},"meta":{"lastBranch":0,"lastFunction":0,"lastStatement":0,"seen":{}}}
,"E:\\vue-project\\pure-ui-monorepo\\pure-ui\\packages\\pure-ui\\src\\components\\Message\\message.ts": {"path":"E:\\vue-project\\pure-ui-monorepo\\pure-ui\\packages\\pure-ui\\src\\components\\Message\\message.ts","statementMap":{"0":{"start":{"line":17,"column":44},"end":{"line":17,"column":null}},"1":{"start":{"line":26,"column":6},"end":{"line":26,"column":null}},"2":{"start":{"line":28,"column":20},"end":{"line":28,"column":null}},"3":{"start":{"line":29,"column":2},"end":{"line":29,"column":null}},"4":{"start":{"line":32,"column":2},"end":{"line":37,"column":null}},"5":{"start":{"line":33,"column":4},"end":{"line":33,"column":null}},"6":{"start":{"line":35,"column":14},"end":{"line":35,"column":null}},"7":{"start":{"line":36,"column":4},"end":{"line":36,"column":null}},"8":{"start":{"line":39,"column":8},"end":{"line":56,"column":null}},"9":{"start":{"line":47,"column":20},"end":{"line":47,"column":null}},"10":{"start":{"line":47,"column":52},"end":{"line":47,"column":77}},"11":{"start":{"line":48,"column":6},"end":{"line":50,"column":null}},"12":{"start":{"line":49,"column":8},"end":{"line":49,"column":null}},"13":{"start":{"line":51,"column":6},"end":{"line":51,"column":null}},"14":{"start":{"line":52,"column":6},"end":{"line":54,"column":null}},"15":{"start":{"line":53,"column":8},"end":{"line":53,"column":null}},"16":{"start":{"line":58,"column":19},"end":{"line":58,"column":null}},"17":{"start":{"line":59,"column":2},"end":{"line":59,"column":null}},"18":{"start":{"line":61,"column":2},"end":{"line":61,"column":null}},"19":{"start":{"line":66,"column":4},"end":{"line":66,"column":null}},"20":{"start":{"line":69,"column":4},"end":{"line":69,"column":null}},"21":{"start":{"line":72,"column":4},"end":{"line":72,"column":null}},"22":{"start":{"line":75,"column":4},"end":{"line":75,"column":null}},"23":{"start":{"line":78,"column":4},"end":{"line":78,"column":null}},"24":{"start":{"line":81,"column":4},"end":{"line":81,"column":null}},"25":{"start":{"line":84,"column":4},"end":{"line":84,"column":null}}},"fnMap":{"0":{"name":"createMessage","decl":{"start":{"line":19,"column":9},"end":{"line":19,"column":23}},"loc":{"start":{"line":19,"column":48},"end":{"line":62,"column":null}},"line":19},"1":{"name":"(anonymous_1)","decl":{"start":{"line":46,"column":13},"end":{"line":46,"column":19}},"loc":{"start":{"line":46,"column":19},"end":{"line":55,"column":null}},"line":46},"2":{"name":"(anonymous_2)","decl":{"start":{"line":47,"column":47},"end":{"line":47,"column":52}},"loc":{"start":{"line":47,"column":52},"end":{"line":47,"column":77}},"line":47},"3":{"name":"(anonymous_3)","decl":{"start":{"line":65,"column":2},"end":{"line":65,"column":10}},"loc":{"start":{"line":65,"column":79},"end":{"line":67,"column":null}},"line":65},"4":{"name":"(anonymous_4)","decl":{"start":{"line":68,"column":2},"end":{"line":68,"column":10}},"loc":{"start":{"line":68,"column":79},"end":{"line":70,"column":null}},"line":68},"5":{"name":"(anonymous_5)","decl":{"start":{"line":71,"column":2},"end":{"line":71,"column":10}},"loc":{"start":{"line":71,"column":79},"end":{"line":73,"column":null}},"line":71},"6":{"name":"(anonymous_6)","decl":{"start":{"line":74,"column":2},"end":{"line":74,"column":8}},"loc":{"start":{"line":74,"column":77},"end":{"line":76,"column":null}},"line":74},"7":{"name":"(anonymous_7)","decl":{"start":{"line":77,"column":2},"end":{"line":77,"column":10}},"loc":{"start":{"line":77,"column":79},"end":{"line":79,"column":null}},"line":77},"8":{"name":"(anonymous_8)","decl":{"start":{"line":80,"column":2},"end":{"line":80,"column":7}},"loc":{"start":{"line":80,"column":76},"end":{"line":82,"column":null}},"line":80},"9":{"name":"(anonymous_9)","decl":{"start":{"line":83,"column":2},"end":{"line":83,"column":19}},"loc":{"start":{"line":83,"column":19},"end":{"line":85,"column":null}},"line":83}},"branchMap":{"0":{"loc":{"start":{"line":22,"column":4},"end":{"line":22,"column":null}},"type":"default-arg","locations":[{"start":{"line":22,"column":11},"end":{"line":22,"column":null}}],"line":22},"1":{"loc":{"start":{"line":23,"column":4},"end":{"line":23,"column":null}},"type":"default-arg","locations":[{"start":{"line":23,"column":15},"end":{"line":23,"column":null}}],"line":23},"2":{"loc":{"start":{"line":24,"column":4},"end":{"line":24,"column":null}},"type":"default-arg","locations":[{"start":{"line":24,"column":13},"end":{"line":24,"column":null}}],"line":24},"3":{"loc":{"start":{"line":25,"column":4},"end":{"line":25,"column":null}},"type":"default-arg","locations":[{"start":{"line":25,"column":16},"end":{"line":25,"column":null}}],"line":25},"4":{"loc":{"start":{"line":32,"column":2},"end":{"line":37,"column":null}},"type":"if","locations":[{"start":{"line":32,"column":2},"end":{"line":37,"column":null}},{"start":{"line":34,"column":9},"end":{"line":37,"column":null}}],"line":32},"5":{"loc":{"start":{"line":48,"column":6},"end":{"line":50,"column":null}},"type":"if","locations":[{"start":{"line":48,"column":6},"end":{"line":50,"column":null}},{"start":{},"end":{}}],"line":48},"6":{"loc":{"start":{"line":52,"column":6},"end":{"line":54,"column":null}},"type":"if","locations":[{"start":{"line":52,"column":6},"end":{"line":54,"column":null}},{"start":{},"end":{}}],"line":52}},"s":{"0":1,"1":16,"2":16,"3":16,"4":16,"5":12,"6":4,"7":4,"8":16,"9":4,"10":2,"11":4,"12":2,"13":4,"14":4,"15":2,"16":16,"17":16,"18":16,"19":1,"20":1,"21":9,"22":1,"23":1,"24":3,"25":12},"f":{"0":16,"1":4,"2":2,"3":1,"4":1,"5":9,"6":1,"7":1,"8":3,"9":12},"b":{"0":[16],"1":[16],"2":[16],"3":[16],"4":[12,4],"5":[2,2],"6":[2,2]},"meta":{"lastBranch":7,"lastFunction":10,"lastStatement":26,"seen":{"s:17:44:17:Infinity":0,"f:19:9:19:23":0,"s:26:6:26:Infinity":1,"b:22:11:22:Infinity":0,"b:23:15:23:Infinity":1,"b:24:13:24:Infinity":2,"b:25:16:25:Infinity":3,"s:28:20:28:Infinity":2,"s:29:2:29:Infinity":3,"b:32:2:37:Infinity:34:9:37:Infinity":4,"s:32:2:37:Infinity":4,"s:33:4:33:Infinity":5,"s:35:14:35:Infinity":6,"s:36:4:36:Infinity":7,"s:39:8:56:Infinity":8,"f:46:13:46:19":1,"s:47:20:47:Infinity":9,"f:47:47:47:52":2,"s:47:52:47:77":10,"b:48:6:50:Infinity:undefined:undefined:undefined:undefined":5,"s:48:6:50:Infinity":11,"s:49:8:49:Infinity":12,"s:51:6:51:Infinity":13,"b:52:6:54:Infinity:undefined:undefined:undefined:undefined":6,"s:52:6:54:Infinity":14,"s:53:8:53:Infinity":15,"s:58:19:58:Infinity":16,"s:59:2:59:Infinity":17,"s:61:2:61:Infinity":18,"f:65:2:65:10":3,"s:66:4:66:Infinity":19,"f:68:2:68:10":4,"s:69:4:69:Infinity":20,"f:71:2:71:10":5,"s:72:4:72:Infinity":21,"f:74:2:74:8":6,"s:75:4:75:Infinity":22,"f:77:2:77:10":7,"s:78:4:78:Infinity":23,"f:80:2:80:7":8,"s:81:4:81:Infinity":24,"f:83:2:83:19":9,"s:84:4:84:Infinity":25}}}
}
